<?xml version="1.0" encoding="UTF-8"?>
<!-- Generated by org.testng.reporters.JUnitReportReporter -->
<testsuite hostname="LIN35002532" name="tests.NewAccountTest" tests="1" failures="0" timestamp="1 Jul 2017 14:31:07 GMT" time="1.562" errors="0">
  <testcase name="createNewAccount" time="1.562" classname="tests.NewAccountTest"/>
</testsuite> <!-- tests.NewAccountTest -->
