<?xml version="1.0" encoding="UTF-8"?>
<!-- Generated by org.testng.reporters.JUnitReportReporter -->
<testsuite hostname="LIN35002532" name="tests.WithdrawTest" tests="1" failures="0" timestamp="1 Jul 2017 12:04:02 GMT" time="2.703" errors="0">
  <testcase name="withdraw" time="2.703" classname="tests.WithdrawTest"/>
</testsuite> <!-- tests.WithdrawTest -->
