<?xml version="1.0" encoding="UTF-8"?>
<!-- Generated by org.testng.reporters.JUnitReportReporter -->
<testsuite hostname="LIN35002532" name="tests.EditCustomerTest" tests="1" failures="0" timestamp="1 Jul 2017 10:11:19 GMT" time="4.412" errors="0">
  <testcase name="editCustomer" time="4.412" classname="tests.EditCustomerTest"/>
</testsuite> <!-- tests.EditCustomerTest -->
