<?xml version="1.0" encoding="UTF-8"?>
<!-- Generated by org.testng.reporters.JUnitReportReporter -->
<testsuite hostname="LIN35002532" name="tests.MiniStatementTest" tests="1" failures="0" timestamp="1 Jul 2017 12:44:46 GMT" time="2.167" errors="0">
  <testcase name="miniStatement" time="2.167" classname="tests.MiniStatementTest"/>
</testsuite> <!-- tests.MiniStatementTest -->
