<?xml version="1.0" encoding="UTF-8"?>
<!-- Generated by org.testng.reporters.JUnitReportReporter -->
<testsuite hostname="LIN35002532" name="tests.LoginTest" tests="1" failures="0" timestamp="31 Jul 2017 14:24:33 GMT" time="2.243" errors="0">
  <testcase name="testValidCredentials" time="2.243" classname="tests.LoginTest"/>
</testsuite> <!-- tests.LoginTest -->
