<?xml version="1.0" encoding="UTF-8"?>
<!-- Generated by org.testng.reporters.JUnitReportReporter -->
<testsuite hostname="LIN35002532" name="tests.DepositTest" tests="1" failures="0" timestamp="1 Jul 2017 11:45:31 GMT" time="2.390" errors="0">
  <testcase name="deposit" time="2.390" classname="tests.DepositTest"/>
</testsuite> <!-- tests.DepositTest -->
