<?xml version="1.0" encoding="UTF-8"?>
<!-- Generated by org.testng.reporters.JUnitReportReporter -->
<testsuite hostname="LIN35002532" name="UploadFile" tests="1" failures="0" timestamp="2 Jul 2017 05:03:26 GMT" time="16.225" errors="0">
  <testcase name="testUpload" time="16.225" classname="UploadFile"/>
</testsuite> <!-- UploadFile -->
