<?xml version="1.0" encoding="UTF-8"?>
<!-- Generated by org.testng.reporters.JUnitReportReporter -->
<testsuite hostname="LIN35002532" name="tests.FundTransferTest" tests="1" failures="0" timestamp="1 Jul 2017 17:17:35 GMT" time="4.337" errors="0">
  <testcase name="fundTransfer" time="4.337" classname="tests.FundTransferTest"/>
</testsuite> <!-- tests.FundTransferTest -->
