<?xml version="1.0" encoding="UTF-8"?>
<!-- Generated by org.testng.reporters.JUnitReportReporter -->
<testsuite hostname="LIN35002532" name="NewMain" tests="2" failures="0" timestamp="16 Jun 2017 03:44:29 GMT" time="0.020" errors="0">
  <testcase name="test1" time="0.018" classname="NewMain"/>
  <testcase name="test2" time="0.002" classname="NewMain"/>
</testsuite> <!-- NewMain -->
