<?xml version="1.0" encoding="UTF-8"?>
<!-- Generated by org.testng.reporters.JUnitReportReporter -->
<testsuite hostname="LIN35002532" name="tests.BalanceEnquiryTest" tests="1" failures="0" timestamp="27 Jul 2017 09:03:47 GMT" time="4.237" errors="0">
  <testcase name="balanceEnquiry" time="4.237" classname="tests.BalanceEnquiryTest"/>
</testsuite> <!-- tests.BalanceEnquiryTest -->
